<?xml version="1.0" encoding="UTF-8"?>
<testsuite name="LoginPage"
           tests="8"
           failures="1"
           errors="0"
           skipped="7"
           time="0.363">
  <properties />
            <testcase name="setup" time="0.362" classname="com.crm.qa.testcases.LogInTest">
                <failure type="java.lang.NullPointerException"
                  message="(null)"
              >
<![CDATA[java.lang.NullPointerException
  org.openqa.selenium.support.events.EventFiringWebDriver.extractInterfaces(EventFiringWebDriver.java:120)
  org.openqa.selenium.support.events.EventFiringWebDriver.<init>(EventFiringWebDriver.java:94)
  com.crm.qa.base.TestBase.initialization(TestBase.java:47)
  com.crm.qa.testcases.LogInTest.setup(LogInTest.java:21)
  sun.reflect.NativeMethodAccessorImpl.invoke0(Native Method)
  sun.reflect.NativeMethodAccessorImpl.invoke(NativeMethodAccessorImpl.java:62)
  sun.reflect.DelegatingMethodAccessorImpl.invoke(DelegatingMethodAccessorImpl.java:43)
  java.lang.reflect.Method.invoke(Method.java:498)
  org.testng.internal.MethodInvocationHelper.invokeMethod(MethodInvocationHelper.java:108)
  org.testng.internal.Invoker.invokeConfigurationMethod(Invoker.java:523)
  org.testng.internal.Invoker.invokeConfigurations(Invoker.java:224)
  org.testng.internal.Invoker.invokeConfigurations(Invoker.java:146)
  org.testng.SuiteRunner.privateRun(SuiteRunner.java:326)
  org.testng.SuiteRunner.run(SuiteRunner.java:289)
  org.testng.SuiteRunnerWorker.runSuite(SuiteRunnerWorker.java:52)
  org.testng.SuiteRunnerWorker.run(SuiteRunnerWorker.java:86)
  org.testng.TestNG.runSuitesSequentially(TestNG.java:1301)
  org.testng.TestNG.runSuitesLocally(TestNG.java:1226)
  org.testng.TestNG.runSuites(TestNG.java:1144)
  org.testng.TestNG.run(TestNG.java:1115)
  com.intellij.rt.testng.IDEARemoteTestNG.run(IDEARemoteTestNG.java:66)
  com.intellij.rt.testng.RemoteTestNGStarter.main(RemoteTestNGStarter.java:110)
]]>
      </failure>

          </testcase>
  
            <testcase name="loginclick" time="0.0" classname="com.crm.qa.testcases.LogInTest">
          <skipped />
    </testcase>
            <testcase name="userloginTest" time="0.0" classname="com.crm.qa.testcases.LogInTest">
          <skipped />
    </testcase>
            <testcase name="setup" time="0.0" classname="com.crm.qa.testcases.LogInTest">
          <skipped />
    </testcase>
            <testcase name="setUp" time="0.0" classname="com.crm.qa.testcases.LogInTest">
          <skipped />
    </testcase>
            <testcase name="teardown" time="0.0" classname="com.crm.qa.testcases.LogInTest">
          <skipped />
    </testcase>
            <testcase name="teardown" time="0.0" classname="com.crm.qa.testcases.LogInTest">
          <skipped />
    </testcase>
            <testcase name="teardwon" time="0.0" classname="com.crm.qa.testcases.LogInTest">
          <skipped />
    </testcase>
  
  
</testsuite>
